<?xml version="1.0" encoding="UTF-8"?>
<!-- Generated by org.testng.reporters.JUnitReportReporter -->
<testsuite hostname="DESKTOP-PFE67IQ" failures="0" tests="1" name="seleniums.HomePageTest" time="12.295" errors="0" timestamp="03 Oct 2021 13:23:32 GMT" skipped="0">
  <testcase classname="seleniums.HomePageTest" name="homeSubmit" time="12.295"/>
</testsuite> <!-- seleniums.HomePageTest -->
