<?xml version="1.0" encoding="UTF-8"?>
<!-- Generated by org.testng.reporters.JUnitReportReporter -->
<testsuite hostname="DESKTOP-PFE67IQ" failures="0" tests="1" name="seleniums.HomePageTest" time="32.737" errors="0" timestamp="14 Sep 2021 18:32:28 GMT" skipped="0">
  <testcase classname="seleniums.HomePageTest" name="homeSubmit" time="32.737"/>
</testsuite> <!-- seleniums.HomePageTest -->
