<?xml version="1.0" encoding="UTF-8"?>
<!-- Generated by org.testng.reporters.JUnitReportReporter -->
<testsuite hostname="DESKTOP-PFE67IQ" failures="0" tests="1" name="seleniums.HomePageTest" time="35.243" errors="0" timestamp="29 Sep 2021 14:50:00 GMT" skipped="0">
  <testcase classname="seleniums.HomePageTest" name="homeSubmit" time="35.243"/>
</testsuite> <!-- seleniums.HomePageTest -->
