<?xml version="1.0" encoding="UTF-8"?>
<!-- Generated by org.testng.reporters.JUnitReportReporter -->
<testsuite hostname="DESKTOP-PFE67IQ" failures="0" tests="1" name="seleniums.LoginPageTest" time="0.312" errors="0" timestamp="03 Oct 2021 13:23:32 GMT" skipped="0">
  <testcase classname="seleniums.LoginPageTest" name="loginTest" time="0.312"/>
</testsuite> <!-- seleniums.LoginPageTest -->
