<?xml version="1.0" encoding="UTF-8"?>
<!-- Generated by org.testng.reporters.JUnitReportReporter -->
<testsuite hostname="DESKTOP-PFE67IQ" failures="0" tests="1" name="seleniums.HomePageTest" time="12.953" errors="0" timestamp="14 Sep 2021 10:12:48 GMT" skipped="0">
  <testcase classname="seleniums.HomePageTest" name="homeSubmit" time="12.953"/>
</testsuite> <!-- seleniums.HomePageTest -->
