<?xml version="1.0" encoding="UTF-8"?>
<!-- Generated by org.testng.reporters.JUnitReportReporter -->
<testsuite hostname="DESKTOP-PFE67IQ" failures="0" tests="1" name="seleniums.LoginPageTest" time="0.608" errors="0" timestamp="02 Oct 2021 17:27:24 GMT" skipped="0">
  <testcase classname="seleniums.LoginPageTest" name="loginTest" time="0.608"/>
</testsuite> <!-- seleniums.LoginPageTest -->
