<?xml version="1.0" encoding="UTF-8"?>
<!-- Generated by org.testng.reporters.JUnitReportReporter -->
<testsuite hostname="DESKTOP-PFE67IQ" failures="0" tests="1" name="seleniums.HomePageTest" time="11.017" errors="0" timestamp="02 Oct 2021 17:27:24 GMT" skipped="0">
  <testcase classname="seleniums.HomePageTest" name="homeSubmit" time="11.017"/>
</testsuite> <!-- seleniums.HomePageTest -->
