<?xml version="1.0" encoding="UTF-8"?>
<!-- Generated by org.testng.reporters.JUnitReportReporter -->
<testsuite hostname="DESKTOP-PFE67IQ" failures="0" tests="1" name="seleniums.LoginPageTest" time="8.789" errors="0" timestamp="29 Sep 2021 17:49:11 GMT" skipped="0">
  <testcase classname="seleniums.LoginPageTest" name="loginTest" time="8.789"/>
</testsuite> <!-- seleniums.LoginPageTest -->
