<?xml version="1.0" encoding="UTF-8"?>
<!-- Generated by org.testng.reporters.JUnitReportReporter -->
<testsuite hostname="DESKTOP-PFE67IQ" failures="0" tests="1" name="seleniums.HomePageTest" time="34.403" errors="0" timestamp="29 Sep 2021 17:49:12 GMT" skipped="0">
  <testcase classname="seleniums.HomePageTest" name="homeSubmit" time="34.403"/>
</testsuite> <!-- seleniums.HomePageTest -->
